Build started 12/21/2016 11:42:40 AM.
     1>Project "C:\Users\corey\Documents\Visual Studio 2013\Projects\Assignment3\NYUCodebase\NYUCodebase.vcxproj" on node 2 (Build target(s)).
     1>ClCompile:
         C:\Program Files (x86)\Microsoft Visual Studio 12.0\VC\bin\CL.exe /c /IC:\SDL2\include /IC:\SDL2_image\include /IC:\glew\include /IC:\SDL2_mixer\include /ZI /nologo /W3 /WX- /sdl /Od /Oy- /D _WINDOWS /D _MBCS /D _MBCS /Gm /EHsc /RTC1 /MDd /GS /fp:precise /Zc:wchar_t /Zc:forScope /Fo"Debug\\" /Fd"Debug\vc120.pdb" /Gd /TP /analyze- /errorReport:prompt main.cpp
         main.cpp
     1>c:\users\corey\documents\visual studio 2013\projects\assignment3\nyucodebase\main.cpp(179): warning C4244: 'argument' : conversion from 'time_t' to 'unsigned int', possible loss of data
     1>c:\users\corey\documents\visual studio 2013\projects\assignment3\nyucodebase\main.cpp(480): warning C4305: '=' : truncation from 'double' to 'float'
     1>c:\users\corey\documents\visual studio 2013\projects\assignment3\nyucodebase\main.cpp(481): warning C4305: '=' : truncation from 'double' to 'float'
     1>c:\users\corey\documents\visual studio 2013\projects\assignment3\nyucodebase\main.cpp(500): warning C4305: '=' : truncation from 'double' to 'float'
     1>c:\users\corey\documents\visual studio 2013\projects\assignment3\nyucodebase\main.cpp(501): warning C4305: '=' : truncation from 'double' to 'float'
     1>c:\users\corey\documents\visual studio 2013\projects\assignment3\nyucodebase\main.cpp(520): warning C4305: '=' : truncation from 'double' to 'float'
     1>c:\users\corey\documents\visual studio 2013\projects\assignment3\nyucodebase\main.cpp(521): warning C4305: '=' : truncation from 'double' to 'float'
     1>c:\users\corey\documents\visual studio 2013\projects\assignment3\nyucodebase\main.cpp(541): warning C4305: 'argument' : truncation from 'double' to 'float'
     1>c:\users\corey\documents\visual studio 2013\projects\assignment3\nyucodebase\main.cpp(545): warning C4172: returning address of local variable or temporary
     1>c:\users\corey\documents\visual studio 2013\projects\assignment3\nyucodebase\main.cpp(657): warning C4244: 'initializing' : conversion from 'float' to 'int', possible loss of data
     1>c:\users\corey\documents\visual studio 2013\projects\assignment3\nyucodebase\main.cpp(658): warning C4244: 'initializing' : conversion from 'float' to 'int', possible loss of data
     1>c:\users\corey\documents\visual studio 2013\projects\assignment3\nyucodebase\main.cpp(686): warning C4244: 'initializing' : conversion from 'float' to 'int', possible loss of data
     1>c:\users\corey\documents\visual studio 2013\projects\assignment3\nyucodebase\main.cpp(687): warning C4244: 'initializing' : conversion from 'float' to 'int', possible loss of data
     1>c:\users\corey\documents\visual studio 2013\projects\assignment3\nyucodebase\main.cpp(740): warning C4552: '+' : operator has no effect; expected operator with side-effect
     1>c:\users\corey\documents\visual studio 2013\projects\assignment3\nyucodebase\main.cpp(745): warning C4552: '+' : operator has no effect; expected operator with side-effect
     1>c:\users\corey\documents\visual studio 2013\projects\assignment3\nyucodebase\main.cpp(881): warning C4305: '=' : truncation from 'long double' to 'float'
       Link:
         C:\Program Files (x86)\Microsoft Visual Studio 12.0\VC\bin\link.exe /ERRORREPORT:PROMPT /OUT:"C:\Users\corey\Documents\Visual Studio 2013\Projects\Assignment3\Debug\NYUCodebase.exe" /INCREMENTAL /NOLOGO /LIBPATH:C:\SDL2_mixer\lib\x86 /LIBPATH:C:\SDL2\lib\x86 /LIBPATH:C:\SDL2_image\lib\x86 /LIBPATH:C:\glew\lib\Release\Win32 SDL2.lib SDL2_mixer.lib glew32.lib SDL2main.lib SDL2_image.lib OpenGL32.lib /MANIFEST /MANIFESTUAC:"level='asInvoker' uiAccess='false'" /manifest:embed /DEBUG /PDB:"C:\Users\corey\Documents\Visual Studio 2013\Projects\Assignment3\Debug\NYUCodebase.pdb" /SUBSYSTEM:WINDOWS /TLBID:1 /DYNAMICBASE /NXCOMPAT /IMPLIB:"C:\Users\corey\Documents\Visual Studio 2013\Projects\Assignment3\Debug\NYUCodebase.lib" /MACHINE:X86 Debug\main.obj
         Debug\Matrix.obj
         Debug\PerlinNoise.obj
         Debug\ShaderProgram.obj
         NYUCodebase.vcxproj -> C:\Users\corey\Documents\Visual Studio 2013\Projects\Assignment3\Debug\NYUCodebase.exe
     1>Done Building Project "C:\Users\corey\Documents\Visual Studio 2013\Projects\Assignment3\NYUCodebase\NYUCodebase.vcxproj" (Build target(s)).

Build succeeded.

Time Elapsed 00:00:00.95
